<?xml version="1.0" encoding="UTF-8"?>
<testsuite name="TestSuite" time="16.914" tests="4" errors="0" skipped="0" failures="1">
  <properties>
    <property name="idea.version" value="14.1.5"/>
    <property name="java.runtime.name" value="Java(TM) SE Runtime Environment"/>
    <property name="sun.boot.library.path" value="C:\Program Files\Java\jdk1.8.0_65\jre\bin"/>
    <property name="java.vm.version" value="25.65-b01"/>
    <property name="user.country.format" value="UA"/>
    <property name="java.vm.vendor" value="Oracle Corporation"/>
    <property name="java.vendor.url" value="http://java.oracle.com/"/>
    <property name="path.separator" value=";"/>
    <property name="guice.disable.misplaced.annotation.check" value="true"/>
    <property name="java.vm.name" value="Java HotSpot(TM) 64-Bit Server VM"/>
    <property name="file.encoding.pkg" value="sun.io"/>
    <property name="idea.launcher.port" value="7536"/>
    <property name="user.script" value=""/>
    <property name="user.country" value="RU"/>
    <property name="sun.java.launcher" value="SUN_STANDARD"/>
    <property name="sun.os.patch.level" value=""/>
    <property name="java.vm.specification.name" value="Java Virtual Machine Specification"/>
    <property name="user.dir" value="C:\Users\Admin\Desktop\Papka\Home_driverreach"/>
    <property name="java.runtime.version" value="1.8.0_65-b17"/>
    <property name="java.awt.graphicsenv" value="sun.awt.Win32GraphicsEnvironment"/>
    <property name="java.endorsed.dirs" value="C:\Program Files\Java\jdk1.8.0_65\jre\lib\endorsed"/>
    <property name="os.arch" value="amd64"/>
    <property name="java.io.tmpdir" value="C:\Users\Admin\AppData\Local\Temp\"/>
    <property name="line.separator" value="&#10;"/>
    <property name="java.vm.specification.vendor" value="Oracle Corporation"/>
    <property name="user.variant" value=""/>
    <property name="os.name" value="Windows 10"/>
    <property name="classworlds.conf" value="C:\Program Files (x86)\JetBrains\IntelliJ IDEA 14.1.5\plugins\maven\lib\maven3\bin\m2.conf"/>
    <property name="sun.jnu.encoding" value="Cp1251"/>
    <property name="java.library.path" value="C:\Program Files\Java\jdk1.8.0_65\bin;C:\Windows\Sun\Java\bin;C:\Windows\system32;C:\Windows;C:\ProgramData\Oracle\Java\javapath;C:\Windows\system32;C:\Windows;C:\Windows\System32\Wbem;C:\Windows\System32\WindowsPowerShell\v1.0\;C:\Program Files (x86)\Skype\Phone\;C:\Program Files\Java\jdk1.8.0_65\bin;C:\Program Files\Java\jre1.8.0_65\bin;C:\Program Files\apache-maven-3.3.3\bin;C:\Selenium\Chrome;C:\Selenium\IE;C:\Program Files\Java\jdk1.8.0_65\bin;."/>
    <property name="java.specification.name" value="Java Platform API Specification"/>
    <property name="java.class.version" value="52.0"/>
    <property name="sun.management.compiler" value="HotSpot 64-Bit Tiered Compilers"/>
    <property name="os.version" value="10.0"/>
    <property name="user.home" value="C:\Users\Admin"/>
    <property name="user.timezone" value="Europe/Helsinki"/>
    <property name="java.awt.printerjob" value="sun.awt.windows.WPrinterJob"/>
    <property name="java.specification.version" value="1.8"/>
    <property name="idea.launcher.bin.path" value="C:\Program Files (x86)\JetBrains\IntelliJ IDEA 14.1.5\bin"/>
    <property name="file.encoding" value="windows-1251"/>
    <property name="user.name" value="Admin"/>
    <property name="java.class.path" value="C:\Program Files (x86)\JetBrains\IntelliJ IDEA 14.1.5\plugins\maven\lib\maven3\boot\plexus-classworlds-2.4.jar;C:\Program Files (x86)\JetBrains\IntelliJ IDEA 14.1.5\lib\idea_rt.jar"/>
    <property name="java.vm.specification.version" value="1.8"/>
    <property name="sun.arch.data.model" value="64"/>
    <property name="java.home" value="C:\Program Files\Java\jdk1.8.0_65\jre"/>
    <property name="sun.java.command" value="com.intellij.rt.execution.application.AppMain org.codehaus.classworlds.Launcher -Didea.version=14.1.5 test"/>
    <property name="java.specification.vendor" value="Oracle Corporation"/>
    <property name="user.language" value="ru"/>
    <property name="user.language.format" value="uk"/>
    <property name="awt.toolkit" value="sun.awt.windows.WToolkit"/>
    <property name="java.vm.info" value="mixed mode"/>
    <property name="java.version" value="1.8.0_65"/>
    <property name="java.ext.dirs" value="C:\Program Files\Java\jdk1.8.0_65\jre\lib\ext;C:\Windows\Sun\Java\lib\ext"/>
    <property name="sun.boot.class.path" value="C:\Program Files\Java\jdk1.8.0_65\jre\lib\resources.jar;C:\Program Files\Java\jdk1.8.0_65\jre\lib\rt.jar;C:\Program Files\Java\jdk1.8.0_65\jre\lib\sunrsasign.jar;C:\Program Files\Java\jdk1.8.0_65\jre\lib\jsse.jar;C:\Program Files\Java\jdk1.8.0_65\jre\lib\jce.jar;C:\Program Files\Java\jdk1.8.0_65\jre\lib\charsets.jar;C:\Program Files\Java\jdk1.8.0_65\jre\lib\jfr.jar;C:\Program Files\Java\jdk1.8.0_65\jre\classes"/>
    <property name="java.vendor" value="Oracle Corporation"/>
    <property name="maven.home" value="C:\Program Files (x86)\JetBrains\IntelliJ IDEA 14.1.5\plugins\maven\lib\maven3"/>
    <property name="file.separator" value="\"/>
    <property name="java.vendor.url.bug" value="http://bugreport.sun.com/bugreport/"/>
    <property name="sun.cpu.endian" value="little"/>
    <property name="sun.io.unicode.encoding" value="UnicodeLittle"/>
    <property name="sun.desktop" value="windows"/>
    <property name="sun.cpu.isalist" value="amd64"/>
  </properties>
  <testcase name="signInSuccessfull" classname="test.Autentification" time="9.323"/>
  <testcase name="signInSuccessfull" classname="test.Autentification" time="191.102"/>
  <testcase name="test2" classname="test.DriverReachTest2" time="7.591"/>
  <testcase name="test2" classname="test.DriverReachTest2" time="405.121">
    <failure message="Element should not be visible {By.xpath: .//*[@id=&apos;page-wrapper&apos;]/div[3]/div/div/div/div/div/div/h3}&#10;Element: &apos;&lt;h3&gt;You have no credit cards.&lt;/h3&gt;&apos;" type="com.codeborne.selenide.ex.ElementShouldNot"><![CDATA[com.codeborne.selenide.ex.ElementShouldNot: Element should not be visible {By.xpath: .//*[@id='page-wrapper']/div[3]/div/div/div/div/div/div/h3}
Element: '<h3>You have no credit cards.</h3>'
	at com.codeborne.selenide.impl.AbstractSelenideElement.checkCondition(AbstractSelenideElement.java:551)
	at com.codeborne.selenide.impl.AbstractSelenideElement.shouldNot(AbstractSelenideElement.java:565)
	at com.codeborne.selenide.impl.AbstractSelenideElement.shouldNot(AbstractSelenideElement.java:560)
	at com.codeborne.selenide.impl.AbstractSelenideElement.invokeShouldNot(AbstractSelenideElement.java:329)
	at com.codeborne.selenide.impl.AbstractSelenideElement.dispatchSelenideMethod(AbstractSelenideElement.java:201)
	at com.codeborne.selenide.impl.AbstractSelenideElement.dispatchAndRetry(AbstractSelenideElement.java:90)
	at com.codeborne.selenide.impl.AbstractSelenideElement.invoke(AbstractSelenideElement.java:65)
	at com.codeborne.selenide.impl.WaitingSelenideElement.invoke(WaitingSelenideElement.java:19)
	at com.sun.proxy.$Proxy6.shouldNotBe(Unknown Source)
	at com.driverreach.pages.SettingsPage.creditCard(SettingsPage.java:65)
	at test.DriverReachTest2.test2(DriverReachTest2.java:36)
]]></failure>
    <system-out><![CDATA[You have no credit cards.
]]></system-out>
  </testcase>
</testsuite>