<?xml version="1.0" encoding="UTF-8"?>
<!-- Generated by org.testng.reporters.JUnitReportReporter -->
<testsuite hostname="DESKTOP-6KLJ13R" name="test.Autentification" tests="2" failures="0" timestamp="29 Nov 2015 19:55:15 GMT" time="223.404" errors="0">
  <testcase name="signInSuccessfull" time="208.383" classname="test.Autentification"/>
  <testcase name="signInSuccessfull" time="15.021" classname="test.Autentification"/>
</testsuite> <!-- test.Autentification -->
