<?xml version="1.0" encoding="UTF-8"?>
<!-- Generated by org.testng.reporters.JUnitReportReporter -->
<testsuite hostname="DESKTOP-6KLJ13R" name="test.Autentification" tests="2" failures="0" timestamp="30 Nov 2015 13:02:16 GMT" time="20.432" errors="0">
  <testcase name="signInSuccessfull" time="10.232" classname="test.Autentification"/>
  <testcase name="signInSuccessfull" time="10.200" classname="test.Autentification"/>
</testsuite> <!-- test.Autentification -->
