<?xml version="1.0" encoding="UTF-8"?>
<!-- Generated by org.testng.reporters.JUnitReportReporter -->
<testsuite hostname="DESKTOP-6KLJ13R" name="test.DriverReachTest2" tests="2" failures="0" timestamp="30 Nov 2015 13:02:16 GMT" time="61.330" errors="0">
  <testcase name="test2" time="37.063" classname="test.DriverReachTest2"/>
  <testcase name="test2" time="24.267" classname="test.DriverReachTest2"/>
</testsuite> <!-- test.DriverReachTest2 -->
